<?xml version="1.0" encoding="UTF-8"?>
<coverage generated="1574698968">
  <project timestamp="1574698968">
    <package name="MH\SymfonyGrumPHP\Command">
      <file name="/var/www/symfony-grumphp/src/Command/AbstractCommand.php">
        <class name="MH\SymfonyGrumPHP\Command\AbstractCommand" namespace="MH\SymfonyGrumPHP\Command">
          <metrics complexity="2" methods="2" coveredmethods="0" conditionals="0" coveredconditionals="0" statements="2" coveredstatements="0" elements="4" coveredelements="0"/>
        </class>
        <line num="30" type="method" name="normalizeSourceFile" visibility="protected" complexity="1" crap="2.00" count="0"/>
        <line num="32" type="stmt" count="0"/>
        <line num="40" type="method" name="normalizeDestinationFile" visibility="protected" complexity="1" crap="2.00" count="0"/>
        <line num="42" type="stmt" count="0"/>
        <metrics loc="44" ncloc="28" classes="1" methods="2" coveredmethods="0" conditionals="0" coveredconditionals="0" statements="2" coveredstatements="0" elements="4" coveredelements="0"/>
      </file>
      <file name="/var/www/symfony-grumphp/src/Command/InstallCommand.php">
        <class name="MH\SymfonyGrumPHP\Command\InstallCommand" namespace="MH\SymfonyGrumPHP\Command">
          <metrics complexity="5" methods="2" coveredmethods="2" conditionals="0" coveredconditionals="0" statements="16" coveredstatements="16" elements="18" coveredelements="18"/>
        </class>
        <line num="25" type="method" name="configure" visibility="protected" complexity="1" crap="1" count="2"/>
        <line num="28" type="stmt" count="2"/>
        <line num="29" type="stmt" count="2"/>
        <line num="30" type="stmt" count="2"/>
        <line num="35" type="method" name="execute" visibility="protected" complexity="4" crap="4" count="1"/>
        <line num="37" type="stmt" count="1"/>
        <line num="39" type="stmt" count="1"/>
        <line num="40" type="stmt" count="1"/>
        <line num="41" type="stmt" count="1"/>
        <line num="42" type="stmt" count="1"/>
        <line num="44" type="stmt" count="1"/>
        <line num="45" type="stmt" count="1"/>
        <line num="46" type="stmt" count="1"/>
        <line num="49" type="stmt" count="1"/>
        <line num="50" type="stmt" count="1"/>
        <line num="54" type="stmt" count="1"/>
        <line num="55" type="stmt" count="1"/>
        <line num="57" type="stmt" count="1"/>
        <metrics loc="58" ncloc="46" classes="1" methods="2" coveredmethods="2" conditionals="0" coveredconditionals="0" statements="16" coveredstatements="16" elements="18" coveredelements="18"/>
      </file>
      <file name="/var/www/symfony-grumphp/src/Command/UninstallCommand.php">
        <class name="MH\SymfonyGrumPHP\Command\UninstallCommand" namespace="MH\SymfonyGrumPHP\Command">
          <metrics complexity="4" methods="2" coveredmethods="2" conditionals="0" coveredconditionals="0" statements="13" coveredstatements="13" elements="15" coveredelements="15"/>
        </class>
        <line num="25" type="method" name="configure" visibility="protected" complexity="1" crap="1" count="2"/>
        <line num="28" type="stmt" count="2"/>
        <line num="29" type="stmt" count="2"/>
        <line num="30" type="stmt" count="2"/>
        <line num="35" type="method" name="execute" visibility="protected" complexity="3" crap="3" count="1"/>
        <line num="37" type="stmt" count="1"/>
        <line num="38" type="stmt" count="1"/>
        <line num="39" type="stmt" count="1"/>
        <line num="40" type="stmt" count="1"/>
        <line num="41" type="stmt" count="1"/>
        <line num="42" type="stmt" count="1"/>
        <line num="43" type="stmt" count="1"/>
        <line num="44" type="stmt" count="1"/>
        <line num="45" type="stmt" count="1"/>
        <line num="48" type="stmt" count="1"/>
        <metrics loc="49" ncloc="37" classes="1" methods="2" coveredmethods="2" conditionals="0" coveredconditionals="0" statements="13" coveredstatements="13" elements="15" coveredelements="15"/>
      </file>
    </package>
    <metrics files="3" loc="151" ncloc="111" classes="3" methods="6" coveredmethods="4" conditionals="0" coveredconditionals="0" statements="31" coveredstatements="29" elements="37" coveredelements="33"/>
  </project>
</coverage>
